{
  "/Users/aramis.sennyey/Projects/rushstack/build-tests/heft-jest-shards-test/src/index.ts": {
    "path": "/Users/aramis.sennyey/Projects/rushstack/build-tests/heft-jest-shards-test/src/index.ts",
    "all": true,
    "statementMap": {
      "0": {
        "start": {
          "line": 1,
          "column": 0
        },
        "end": {
          "line": 1,
          "column": 92
        }
      },
      "1": {
        "start": {
          "line": 2,
          "column": 0
        },
        "end": {
          "line": 2,
          "column": 59
        }
      },
      "2": {
        "start": {
          "line": 3,
          "column": 0
        },
        "end": {
          "line": 3,
          "column": 0
        }
      },
      "3": {
        "start": {
          "line": 4,
          "column": 0
        },
        "end": {
          "line": 4,
          "column": 51
        }
      },
      "4": {
        "start": {
          "line": 5,
          "column": 0
        },
        "end": {
          "line": 5,
          "column": 15
        }
      },
      "5": {
        "start": {
          "line": 6,
          "column": 0
        },
        "end": {
          "line": 6,
          "column": 1
        }
      }
    },
    "s": {
      "0": 0,
      "1": 0,
      "2": 0,
      "3": 0,
      "4": 0,
      "5": 0
    },
    "branchMap": {
      "0": {
        "type": "branch",
        "line": 1,
        "loc": {
          "start": {
            "line": 1,
            "column": 223
          },
          "end": {
            "line": 6,
            "column": 1
          }
        },
        "locations": [
          {
            "start": {
              "line": 1,
              "column": 223
            },
            "end": {
              "line": 6,
              "column": 1
            }
          }
        ]
      }
    },
    "b": {
      "0": [0]
    },
    "fnMap": {
      "0": {
        "name": "(empty-report)",
        "decl": {
          "start": {
            "line": 1,
            "column": 223
          },
          "end": {
            "line": 6,
            "column": 1
          }
        },
        "loc": {
          "start": {
            "line": 1,
            "column": 223
          },
          "end": {
            "line": 6,
            "column": 1
          }
        },
        "line": 1
      }
    },
    "f": {
      "0": 0
    }
  }
}
